<?xml version="1.0" encoding="UTF-8"?>
<coverage generated="1713830223578" clover="3.2.0">
  <project timestamp="1713830223578" name="All files">
    <metrics statements="34" coveredstatements="34" conditionals="23" coveredconditionals="23" methods="12" coveredmethods="12" elements="69" coveredelements="69" complexity="0" loc="34" ncloc="34" packages="1" files="2" classes="2"/>
    <file name="gameboard.js" path="/Users/joshuafoti/repos/Battleship/src/gameboard.js">
      <metrics statements="25" coveredstatements="25" conditionals="21" coveredconditionals="21" methods="7" coveredmethods="7"/>
      <line num="5" count="12" type="stmt"/>
      <line num="6" count="12" type="stmt"/>
      <line num="7" count="12" type="stmt"/>
      <line num="8" count="12" type="stmt"/>
      <line num="9" count="12" type="stmt"/>
      <line num="19" count="12" type="stmt"/>
      <line num="20" count="12" type="stmt"/>
      <line num="21" count="115" type="stmt"/>
      <line num="23" count="12" type="stmt"/>
      <line num="27" count="5" type="stmt"/>
      <line num="32" count="6" type="cond" truecount="2" falsecount="0"/>
      <line num="33" count="2" type="cond" truecount="2" falsecount="0"/>
      <line num="39" count="1" type="stmt"/>
      <line num="41" count="4" type="cond" truecount="2" falsecount="0"/>
      <line num="47" count="1" type="stmt"/>
      <line num="50" count="4" type="cond" truecount="2" falsecount="0"/>
      <line num="51" count="3" type="stmt"/>
      <line num="52" count="9" type="stmt"/>
      <line num="55" count="1" type="stmt"/>
      <line num="56" count="3" type="stmt"/>
      <line num="59" count="4" type="stmt"/>
      <line num="63" count="2" type="cond" truecount="2" falsecount="0"/>
      <line num="64" count="1" type="stmt"/>
      <line num="66" count="2" type="stmt"/>
      <line num="70" count="6" type="stmt"/>
    </file>
    <file name="ships.js" path="/Users/joshuafoti/repos/Battleship/src/ships.js">
      <metrics statements="9" coveredstatements="9" conditionals="2" coveredconditionals="2" methods="5" coveredmethods="5"/>
      <line num="3" count="66" type="stmt"/>
      <line num="4" count="66" type="stmt"/>
      <line num="5" count="66" type="stmt"/>
      <line num="9" count="16" type="stmt"/>
      <line num="13" count="1" type="stmt"/>
      <line num="17" count="18" type="stmt"/>
      <line num="21" count="6" type="cond" truecount="2" falsecount="0"/>
      <line num="22" count="5" type="stmt"/>
      <line num="24" count="1" type="stmt"/>
    </file>
  </project>
</coverage>
