{"/Users/joshuafoti/repos/Battleship/src/gameboard.js": {"path":"/Users/joshuafoti/repos/Battleship/src/gameboard.js","statementMap":{"0":{"start":{"line":5,"column":4},"end":{"line":5,"column":21}},"1":{"start":{"line":6,"column":4},"end":{"line":6,"column":27}},"2":{"start":{"line":7,"column":4},"end":{"line":7,"column":44}},"3":{"start":{"line":8,"column":4},"end":{"line":8,"column":26}},"4":{"start":{"line":9,"column":4},"end":{"line":15,"column":6}},"5":{"start":{"line":19,"column":18},"end":{"line":19,"column":20}},"6":{"start":{"line":20,"column":4},"end":{"line":22,"column":5}},"7":{"start":{"line":20,"column":17},"end":{"line":20,"column":18}},"8":{"start":{"line":21,"column":6},"end":{"line":21,"column":52}},"9":{"start":{"line":23,"column":4},"end":{"line":23,"column":17}},"10":{"start":{"line":27,"column":4},"end":{"line":27,"column":26}},"11":{"start":{"line":32,"column":4},"end":{"line":48,"column":5}},"12":{"start":{"line":33,"column":6},"end":{"line":40,"column":7}},"13":{"start":{"line":39,"column":8},"end":{"line":39,"column":21}},"14":{"start":{"line":41,"column":11},"end":{"line":48,"column":5}},"15":{"start":{"line":47,"column":6},"end":{"line":47,"column":19}},"16":{"start":{"line":50,"column":4},"end":{"line":62,"column":5}},"17":{"start":{"line":51,"column":6},"end":{"line":55,"column":7}},"18":{"start":{"line":51,"column":19},"end":{"line":51,"column":20}},"19":{"start":{"line":52,"column":8},"end":{"line":54,"column":9}},"20":{"start":{"line":53,"column":10},"end":{"line":53,"column":23}},"21":{"start":{"line":57,"column":6},"end":{"line":61,"column":7}},"22":{"start":{"line":57,"column":19},"end":{"line":57,"column":20}},"23":{"start":{"line":58,"column":8},"end":{"line":60,"column":9}},"24":{"start":{"line":59,"column":10},"end":{"line":59,"column":23}},"25":{"start":{"line":64,"column":4},"end":{"line":72,"column":5}},"26":{"start":{"line":65,"column":6},"end":{"line":67,"column":7}},"27":{"start":{"line":65,"column":19},"end":{"line":65,"column":20}},"28":{"start":{"line":66,"column":8},"end":{"line":66,"column":47}},"29":{"start":{"line":69,"column":6},"end":{"line":71,"column":7}},"30":{"start":{"line":69,"column":19},"end":{"line":69,"column":20}},"31":{"start":{"line":70,"column":8},"end":{"line":70,"column":47}},"32":{"start":{"line":73,"column":4},"end":{"line":73,"column":16}},"33":{"start":{"line":77,"column":4},"end":{"line":79,"column":5}},"34":{"start":{"line":78,"column":6},"end":{"line":78,"column":40}},"35":{"start":{"line":80,"column":4},"end":{"line":80,"column":41}},"36":{"start":{"line":84,"column":4},"end":{"line":84,"column":53}},"37":{"start":{"line":84,"column":38},"end":{"line":84,"column":51}}},"fnMap":{"0":{"name":"(anonymous_0)","decl":{"start":{"line":4,"column":2},"end":{"line":4,"column":3}},"loc":{"start":{"line":4,"column":39},"end":{"line":16,"column":3}},"line":4},"1":{"name":"(anonymous_1)","decl":{"start":{"line":18,"column":2},"end":{"line":18,"column":3}},"loc":{"start":{"line":18,"column":20},"end":{"line":24,"column":3}},"line":18},"2":{"name":"(anonymous_2)","decl":{"start":{"line":26,"column":2},"end":{"line":26,"column":3}},"loc":{"start":{"line":26,"column":17},"end":{"line":28,"column":3}},"line":26},"3":{"name":"(anonymous_3)","decl":{"start":{"line":30,"column":2},"end":{"line":30,"column":3}},"loc":{"start":{"line":30,"column":48},"end":{"line":74,"column":3}},"line":30},"4":{"name":"(anonymous_4)","decl":{"start":{"line":76,"column":2},"end":{"line":76,"column":3}},"loc":{"start":{"line":76,"column":29},"end":{"line":81,"column":3}},"line":76},"5":{"name":"(anonymous_5)","decl":{"start":{"line":83,"column":2},"end":{"line":83,"column":3}},"loc":{"start":{"line":83,"column":17},"end":{"line":85,"column":3}},"line":83},"6":{"name":"(anonymous_6)","decl":{"start":{"line":84,"column":28},"end":{"line":84,"column":29}},"loc":{"start":{"line":84,"column":38},"end":{"line":84,"column":51}},"line":84}},"branchMap":{"0":{"loc":{"start":{"line":4,"column":14},"end":{"line":4,"column":23}},"type":"default-arg","locations":[{"start":{"line":4,"column":21},"end":{"line":4,"column":23}}],"line":4},"1":{"loc":{"start":{"line":4,"column":25},"end":{"line":4,"column":37}},"type":"default-arg","locations":[{"start":{"line":4,"column":35},"end":{"line":4,"column":37}}],"line":4},"2":{"loc":{"start":{"line":30,"column":31},"end":{"line":30,"column":46}},"type":"default-arg","locations":[{"start":{"line":30,"column":42},"end":{"line":30,"column":46}}],"line":30},"3":{"loc":{"start":{"line":32,"column":4},"end":{"line":48,"column":5}},"type":"if","locations":[{"start":{"line":32,"column":4},"end":{"line":48,"column":5}},{"start":{"line":41,"column":11},"end":{"line":48,"column":5}}],"line":32},"4":{"loc":{"start":{"line":33,"column":6},"end":{"line":40,"column":7}},"type":"if","locations":[{"start":{"line":33,"column":6},"end":{"line":40,"column":7}},{"start":{},"end":{}}],"line":33},"5":{"loc":{"start":{"line":34,"column":8},"end":{"line":37,"column":15}},"type":"binary-expr","locations":[{"start":{"line":34,"column":8},"end":{"line":34,"column":39}},{"start":{"line":35,"column":8},"end":{"line":35,"column":56}},{"start":{"line":36,"column":8},"end":{"line":36,"column":18}},{"start":{"line":37,"column":8},"end":{"line":37,"column":15}}],"line":34},"6":{"loc":{"start":{"line":41,"column":11},"end":{"line":48,"column":5}},"type":"if","locations":[{"start":{"line":41,"column":11},"end":{"line":48,"column":5}},{"start":{},"end":{}}],"line":41},"7":{"loc":{"start":{"line":42,"column":6},"end":{"line":45,"column":13}},"type":"binary-expr","locations":[{"start":{"line":42,"column":6},"end":{"line":42,"column":51}},{"start":{"line":43,"column":6},"end":{"line":43,"column":40}},{"start":{"line":44,"column":6},"end":{"line":44,"column":16}},{"start":{"line":45,"column":6},"end":{"line":45,"column":13}}],"line":42},"8":{"loc":{"start":{"line":50,"column":4},"end":{"line":62,"column":5}},"type":"if","locations":[{"start":{"line":50,"column":4},"end":{"line":62,"column":5}},{"start":{"line":56,"column":11},"end":{"line":62,"column":5}}],"line":50},"9":{"loc":{"start":{"line":52,"column":8},"end":{"line":54,"column":9}},"type":"if","locations":[{"start":{"line":52,"column":8},"end":{"line":54,"column":9}},{"start":{},"end":{}}],"line":52},"10":{"loc":{"start":{"line":58,"column":8},"end":{"line":60,"column":9}},"type":"if","locations":[{"start":{"line":58,"column":8},"end":{"line":60,"column":9}},{"start":{},"end":{}}],"line":58},"11":{"loc":{"start":{"line":64,"column":4},"end":{"line":72,"column":5}},"type":"if","locations":[{"start":{"line":64,"column":4},"end":{"line":72,"column":5}},{"start":{"line":68,"column":11},"end":{"line":72,"column":5}}],"line":64},"12":{"loc":{"start":{"line":77,"column":4},"end":{"line":79,"column":5}},"type":"if","locations":[{"start":{"line":77,"column":4},"end":{"line":79,"column":5}},{"start":{},"end":{}}],"line":77}},"s":{"0":14,"1":14,"2":14,"3":14,"4":14,"5":14,"6":14,"7":14,"8":135,"9":14,"10":5,"11":10,"12":4,"13":1,"14":6,"15":1,"16":8,"17":3,"18":3,"19":7,"20":1,"21":5,"22":5,"23":13,"24":1,"25":6,"26":4,"27":4,"28":12,"29":2,"30":2,"31":6,"32":6,"33":2,"34":1,"35":2,"36":2,"37":6},"f":{"0":14,"1":14,"2":5,"3":10,"4":2,"5":2,"6":6},"b":{"0":[12],"1":[12],"2":[1],"3":[4,6],"4":[1,3],"5":[4,4,3,3],"6":[1,5],"7":[6,5,5,5],"8":[3,5],"9":[1,6],"10":[1,12],"11":[4,2],"12":[1,1]},"_coverageSchema":"1a1c01bbd47fc00a2c39e90264f33305004495a9","hash":"3e5fe1afb326f5168e62d1e8f9435692d06bbbf6"}
,"/Users/joshuafoti/repos/Battleship/src/ships.js": {"path":"/Users/joshuafoti/repos/Battleship/src/ships.js","statementMap":{"0":{"start":{"line":3,"column":4},"end":{"line":3,"column":25}},"1":{"start":{"line":4,"column":4},"end":{"line":4,"column":18}},"2":{"start":{"line":5,"column":4},"end":{"line":5,"column":21}},"3":{"start":{"line":9,"column":4},"end":{"line":9,"column":23}},"4":{"start":{"line":13,"column":4},"end":{"line":13,"column":21}},"5":{"start":{"line":17,"column":4},"end":{"line":17,"column":19}},"6":{"start":{"line":21,"column":4},"end":{"line":23,"column":5}},"7":{"start":{"line":22,"column":6},"end":{"line":22,"column":18}},"8":{"start":{"line":24,"column":4},"end":{"line":24,"column":17}}},"fnMap":{"0":{"name":"(anonymous_0)","decl":{"start":{"line":2,"column":2},"end":{"line":2,"column":3}},"loc":{"start":{"line":2,"column":28},"end":{"line":6,"column":3}},"line":2},"1":{"name":"(anonymous_1)","decl":{"start":{"line":8,"column":2},"end":{"line":8,"column":3}},"loc":{"start":{"line":8,"column":14},"end":{"line":10,"column":3}},"line":8},"2":{"name":"(anonymous_2)","decl":{"start":{"line":12,"column":2},"end":{"line":12,"column":3}},"loc":{"start":{"line":12,"column":12},"end":{"line":14,"column":3}},"line":12},"3":{"name":"(anonymous_3)","decl":{"start":{"line":16,"column":2},"end":{"line":16,"column":3}},"loc":{"start":{"line":16,"column":8},"end":{"line":18,"column":3}},"line":16},"4":{"name":"(anonymous_4)","decl":{"start":{"line":20,"column":2},"end":{"line":20,"column":3}},"loc":{"start":{"line":20,"column":11},"end":{"line":25,"column":3}},"line":20}},"branchMap":{"0":{"loc":{"start":{"line":21,"column":4},"end":{"line":23,"column":5}},"type":"if","locations":[{"start":{"line":21,"column":4},"end":{"line":23,"column":5}},{"start":{},"end":{}}],"line":21}},"s":{"0":80,"1":80,"2":80,"3":0,"4":1,"5":18,"6":6,"7":5,"8":1},"f":{"0":80,"1":0,"2":1,"3":18,"4":6},"b":{"0":[5,1]},"_coverageSchema":"1a1c01bbd47fc00a2c39e90264f33305004495a9","hash":"26f8127a33514d78abc55f49135f28595785ea1d"}
}
