TN:
SF:src/gameboard.js
FN:4,(anonymous_0)
FN:18,(anonymous_1)
FN:26,(anonymous_2)
FN:30,(anonymous_3)
FN:42,(anonymous_4)
FNF:5
FNH:5
FNDA:8,(anonymous_0)
FNDA:8,(anonymous_1)
FNDA:5,(anonymous_2)
FNDA:4,(anonymous_3)
FNDA:2,(anonymous_4)
DA:5,8
DA:6,8
DA:7,8
DA:8,8
DA:9,8
DA:19,8
DA:20,8
DA:21,75
DA:23,8
DA:27,5
DA:31,4
DA:32,3
DA:33,9
DA:36,1
DA:37,3
DA:43,2
DA:44,1
DA:46,2
LF:18
LH:18
BRDA:4,0,0,6
BRDA:4,1,0,6
BRDA:30,2,0,1
BRDA:31,3,0,3
BRDA:31,3,1,1
BRDA:43,4,0,1
BRDA:43,4,1,1
BRF:7
BRH:7
end_of_record
TN:
SF:src/ships.js
FN:2,(anonymous_0)
FN:8,(anonymous_1)
FN:12,(anonymous_2)
FN:16,(anonymous_3)
FN:20,(anonymous_4)
FNF:5
FNH:4
FNDA:44,(anonymous_0)
FNDA:16,(anonymous_1)
FNDA:1,(anonymous_2)
FNDA:1,(anonymous_3)
FNDA:0,(anonymous_4)
DA:3,44
DA:4,44
DA:5,44
DA:9,16
DA:13,1
DA:17,1
DA:21,0
DA:22,0
DA:24,0
LF:9
LH:6
BRDA:21,0,0,0
BRDA:21,0,1,0
BRF:2
BRH:0
end_of_record
