TN:
SF:src/gameboard.js
FN:5,(anonymous_0)
FN:19,(anonymous_1)
FN:27,(anonymous_2)
FN:31,(anonymous_3)
FN:77,(anonymous_4)
FN:88,(anonymous_5)
FN:89,(anonymous_6)
FNF:7
FNH:7
FNDA:14,(anonymous_0)
FNDA:14,(anonymous_1)
FNDA:5,(anonymous_2)
FNDA:10,(anonymous_3)
FNDA:2,(anonymous_4)
FNDA:2,(anonymous_5)
FNDA:6,(anonymous_6)
DA:6,14
DA:7,14
DA:8,14
DA:9,14
DA:10,14
DA:20,14
DA:21,14
DA:22,135
DA:24,14
DA:28,5
DA:33,10
DA:34,4
DA:40,1
DA:42,6
DA:48,1
DA:51,8
DA:52,3
DA:53,7
DA:54,1
DA:58,5
DA:59,13
DA:60,1
DA:65,6
DA:66,4
DA:67,12
DA:70,2
DA:71,6
DA:74,6
DA:78,2
DA:79,1
DA:80,1
DA:84,1
DA:89,6
LF:33
LH:33
BRDA:5,0,0,12
BRDA:5,1,0,12
BRDA:31,2,0,1
BRDA:33,3,0,4
BRDA:33,3,1,6
BRDA:34,4,0,1
BRDA:34,4,1,3
BRDA:35,5,0,4
BRDA:35,5,1,4
BRDA:35,5,2,3
BRDA:35,5,3,3
BRDA:42,6,0,1
BRDA:42,6,1,5
BRDA:43,7,0,6
BRDA:43,7,1,5
BRDA:43,7,2,5
BRDA:43,7,3,5
BRDA:51,8,0,3
BRDA:51,8,1,5
BRDA:53,9,0,1
BRDA:53,9,1,6
BRDA:59,10,0,1
BRDA:59,10,1,12
BRDA:65,11,0,4
BRDA:65,11,1,2
BRDA:78,12,0,1
BRDA:78,12,1,1
BRDA:80,13,0,0
BRDA:80,13,1,1
BRF:29
BRH:28
end_of_record
TN:
SF:src/renderDom.js
FN:3,renderGameboards
FN:34,changeMessage
FNF:2
FNH:0
FNDA:0,renderGameboards
FNDA:0,changeMessage
DA:5,0
DA:6,0
DA:7,0
DA:8,0
DA:9,0
DA:10,0
DA:11,0
DA:12,0
DA:13,0
DA:14,0
DA:15,0
DA:16,0
DA:22,0
DA:23,0
DA:24,0
DA:25,0
DA:26,0
DA:27,0
DA:28,0
DA:29,0
LF:20
LH:0
BRDA:14,0,0,0
BRDA:14,0,1,0
BRF:2
BRH:0
end_of_record
TN:
SF:src/ships.js
FN:2,(anonymous_0)
FN:8,(anonymous_1)
FN:12,(anonymous_2)
FN:16,(anonymous_3)
FN:20,(anonymous_4)
FNF:5
FNH:4
FNDA:80,(anonymous_0)
FNDA:0,(anonymous_1)
FNDA:1,(anonymous_2)
FNDA:18,(anonymous_3)
FNDA:7,(anonymous_4)
DA:3,80
DA:4,80
DA:5,80
DA:9,0
DA:13,1
DA:17,18
DA:21,7
DA:22,5
DA:24,2
LF:9
LH:8
BRDA:21,0,0,5
BRDA:21,0,1,2
BRF:2
BRH:2
end_of_record
